ERROR 2025-06-16T22:53:01.430+00:00 [1P:foundation/op-log/src/lib.rs:670] tracing WAS NOT installed
ERROR 2025-06-16T22:53:01.431+00:00 [1P:op-settings/src/store/json_store.rs:80] Os { code: 2, kind: NotFound, message: "No such file or directory" }
INFO  2025-06-16T22:53:01.431+00:00 [1P:op-settings/src/store/json_store.rs:104] Settings file "/home/<redacted-username>/.config/1Password/settings/settings.json" missing, using defaults.
INFO  2025-06-16T22:53:01.432+00:00 [client:typescript] Client starting.
ERROR 2025-06-16T22:53:02.113+00:00 [1P:op-crash-reporting/src/crash_report.rs:154] Failed to load crash reports from disk: Os { code: 2, kind: NotFound, message: "No such file or directory" }
INFO  2025-06-16T22:53:02.124+00:00 [1P:op-crash-reporting/src/crash_handler.rs:276] Started crash handler thread
INFO  2025-06-16T22:53:02.124+00:00 [1P:op-localization/src/lib.rs:239] system locale detected as 'en-US'
INFO  2025-06-16T22:53:02.124+00:00 [1P:op-localization/src/lib.rs:265] selected translations for EN_US based on detected locale en-US
INFO  2025-06-16T22:53:02.124+00:00 [status:app/op-app/src/app.rs:949] App::new(1Password for Linux/81080023 (EN_US), /home/<redacted-username>/.config/1Password)
INFO  2025-06-16T22:53:02.137+00:00 [1P:data/op-db/src/common/mod.rs:148] Core DB Table Integrity Check Succeeded
INFO  2025-06-16T22:53:02.137+00:00 [1P:data/op-db/src/common/mod.rs:162] Core DB Integrity Check Succeeded
INFO  2025-06-16T22:53:02.137+00:00 [1P:data/op-db/src/core_db/db.rs:145] Starting Core DB at version: 0
INFO  2025-06-16T22:53:02.137+00:00 [1P:data/op-db/src/core_db/db.rs:163] Database is being created at '/home/<redacted-username>/.config/1Password/1password.sqlite' (sqlite: 3046000)
INFO  2025-06-16T22:53:02.142+00:00 [1P:data/op-db/src/core_db/db.rs:537] Updated DB Schema to version 001
INFO  2025-06-16T22:53:02.144+00:00 [1P:data/op-db/src/core_db/db.rs:561] Updated DB Schema to version 002
INFO  2025-06-16T22:53:02.147+00:00 [1P:data/op-db/src/core_db/db.rs:573] Updated DB Schema to version 003
INFO  2025-06-16T22:53:02.149+00:00 [1P:data/op-db/src/core_db/db.rs:589] Updated DB Schema to version 005
INFO  2025-06-16T22:53:02.151+00:00 [1P:data/op-db/src/core_db/db.rs:605] Updated DB Schema to version 006
INFO  2025-06-16T22:53:02.153+00:00 [1P:data/op-db/src/core_db/db.rs:619] Updated DB Schema to version 007
INFO  2025-06-16T22:53:02.155+00:00 [1P:data/op-db/src/core_db/db.rs:633] Updated DB Schema to version 008
INFO  2025-06-16T22:53:02.157+00:00 [1P:data/op-db/src/core_db/db.rs:647] Updated DB Schema to version 009
INFO  2025-06-16T22:53:02.159+00:00 [1P:data/op-db/src/core_db/db.rs:661] Updated DB Schema to version 011
INFO  2025-06-16T22:53:02.159+00:00 [1P:data/op-db/src/core_db/db.rs:676] Updated DB Schema to version 012
INFO  2025-06-16T22:53:02.161+00:00 [1P:data/op-db/src/core_db/db.rs:690] Updated DB Schema to version 013
INFO  2025-06-16T22:53:02.163+00:00 [1P:data/op-db/src/core_db/db.rs:704] Updated DB Schema to version 014
INFO  2025-06-16T22:53:02.166+00:00 [1P:data/op-db/src/core_db/db.rs:718] Updated DB Schema to version 015
INFO  2025-06-16T22:53:02.169+00:00 [1P:data/op-db/src/core_db/db.rs:732] Updated DB Schema to version 016
INFO  2025-06-16T22:53:02.171+00:00 [1P:data/op-db/src/core_db/db.rs:746] Updated DB Schema to version 017
INFO  2025-06-16T22:53:02.174+00:00 [1P:data/op-db/src/core_db/db.rs:760] Updated DB Schema to version 018
INFO  2025-06-16T22:53:02.176+00:00 [1P:data/op-db/src/core_db/db.rs:774] Updated DB Schema to version 019
INFO  2025-06-16T22:53:02.180+00:00 [1P:data/op-db/src/core_db/db.rs:891] Updated DB Schema to version 021
INFO  2025-06-16T22:53:02.182+00:00 [1P:data/op-db/src/core_db/db.rs:905] Updated DB Schema to version 022
INFO  2025-06-16T22:53:02.185+00:00 [1P:data/op-db/src/core_db/db.rs:919] Updated DB Schema to version 023
INFO  2025-06-16T22:53:02.188+00:00 [1P:data/op-db/src/core_db/db.rs:933] Updated DB Schema to version 024
INFO  2025-06-16T22:53:02.190+00:00 [1P:data/op-db/src/core_db/db.rs:947] Updated DB Schema to version 025
INFO  2025-06-16T22:53:02.192+00:00 [1P:data/op-db/src/core_db/db.rs:1063] Updated DB Schema to version 026
INFO  2025-06-16T22:53:02.194+00:00 [1P:data/op-db/src/core_db/db.rs:1077] Updated DB Schema to version 027
INFO  2025-06-16T22:53:02.197+00:00 [1P:data/op-db/src/core_db/db.rs:1091] Updated DB Schema to version 028
INFO  2025-06-16T22:53:02.199+00:00 [1P:data/op-db/src/core_db/db.rs:1105] Updated DB Schema to version 029
INFO  2025-06-16T22:53:02.201+00:00 [1P:data/op-db/src/core_db/db.rs:1119] Updated DB Schema to version 030
INFO  2025-06-16T22:53:02.203+00:00 [1P:data/op-db/src/core_db/db.rs:1132] Updated DB Schema to version 031
INFO  2025-06-16T22:53:02.205+00:00 [1P:data/op-db/src/core_db/db.rs:1145] Updated DB Schema to version 032
INFO  2025-06-16T22:53:02.208+00:00 [1P:data/op-db/src/core_db/db.rs:1158] Updated DB Schema to version 033
INFO  2025-06-16T22:53:02.212+00:00 [1P:data/op-db/src/core_db/db.rs:1171] Updated DB Schema to version 034
INFO  2025-06-16T22:53:02.214+00:00 [1P:data/op-db/src/core_db/db.rs:1184] Updated DB Schema to version 035
INFO  2025-06-16T22:53:02.216+00:00 [1P:data/op-db/src/core_db/db.rs:1197] Updated DB Schema to version 036
INFO  2025-06-16T22:53:02.218+00:00 [1P:data/op-db/src/core_db/db.rs:1210] Updated DB Schema to version 037
INFO  2025-06-16T22:53:02.220+00:00 [1P:data/op-db/src/core_db/db.rs:1223] Updated DB Schema to version 038
INFO  2025-06-16T22:53:02.222+00:00 [1P:data/op-db/src/core_db/db.rs:1235] Updated DB Schema to version 039
INFO  2025-06-16T22:53:02.224+00:00 [1P:data/op-db/src/core_db/db.rs:1248] Updated DB Schema to version 040
INFO  2025-06-16T22:53:02.227+00:00 [1P:data/op-db/src/core_db/db.rs:1261] Updated DB Schema to version 041
INFO  2025-06-16T22:53:02.234+00:00 [1P:data/op-db/src/common/mod.rs:148] Resources DB Table Integrity Check Succeeded
INFO  2025-06-16T22:53:02.234+00:00 [1P:data/op-db/src/common/mod.rs:162] Resources DB Integrity Check Succeeded
INFO  2025-06-16T22:53:02.234+00:00 [1P:data/op-db/src/resources_db/db.rs:107] Starting Resources DB at version: 0
INFO  2025-06-16T22:53:02.234+00:00 [1P:data/op-db/src/resources_db/db.rs:119] Resources Database is being created at '/home/<redacted-username>/.config/1Password/1password_resources.sqlite' (sqlite: 3046000)
INFO  2025-06-16T22:53:02.238+00:00 [1P:data/op-db/src/resources_db/db.rs:217] Updated DB Schema to version 001
ERROR 2025-06-16T22:53:02.241+00:00 [1P:/builds/dev/core/core/ssh/op-ssh-config/src/lib.rs:251] Failed to start ssh config file watcher: Io(Os { code: 2, kind: NotFound, message: "No such file or directory" })
INFO  2025-06-16T22:53:02.242+00:00 [1P:native-messaging/op-nm-installer/src/nix_utils.rs:48] Creating manifest directory for Chromium at /home/<redacted-username>/.config/google-chrome/NativeMessagingHosts
INFO  2025-06-16T22:53:02.242+00:00 [1P:native-messaging/op-nm-installer/src/nix_utils.rs:68] Created NMH manifest at /home/<redacted-username>/.config/google-chrome/NativeMessagingHosts/com.1password.1password.json
INFO  2025-06-16T22:53:02.242+00:00 [1P:native-messaging/op-nm-installer/src/nix_utils.rs:48] Creating manifest directory for Chromium at /home/<redacted-username>/.config/google-chrome-beta/NativeMessagingHosts
INFO  2025-06-16T22:53:02.242+00:00 [1P:native-messaging/op-nm-installer/src/nix_utils.rs:68] Created NMH manifest at /home/<redacted-username>/.config/google-chrome-beta/NativeMessagingHosts/com.1password.1password.json
INFO  2025-06-16T22:53:02.242+00:00 [1P:native-messaging/op-nm-installer/src/nix_utils.rs:48] Creating manifest directory for Chromium at /home/<redacted-username>/.config/google-chrome-unstable/NativeMessagingHosts
INFO  2025-06-16T22:53:02.242+00:00 [1P:native-messaging/op-nm-installer/src/nix_utils.rs:68] Created NMH manifest at /home/<redacted-username>/.config/google-chrome-unstable/NativeMessagingHosts/com.1password.1password.json
INFO  2025-06-16T22:53:02.242+00:00 [1P:native-messaging/op-nm-installer/src/nix_utils.rs:48] Creating manifest directory for Chromium at /home/<redacted-username>/.config/chromium/NativeMessagingHosts
INFO  2025-06-16T22:53:02.243+00:00 [1P:native-messaging/op-nm-installer/src/nix_utils.rs:68] Created NMH manifest at /home/<redacted-username>/.config/chromium/NativeMessagingHosts/com.1password.1password.json
INFO  2025-06-16T22:53:02.243+00:00 [1P:native-messaging/op-nm-installer/src/nix_utils.rs:48] Creating manifest directory for Chromium at /home/<redacted-username>/.config/microsoft-edge-dev/NativeMessagingHosts
INFO  2025-06-16T22:53:02.243+00:00 [1P:native-messaging/op-nm-installer/src/nix_utils.rs:68] Created NMH manifest at /home/<redacted-username>/.config/microsoft-edge-dev/NativeMessagingHosts/com.1password.1password.json
INFO  2025-06-16T22:53:02.243+00:00 [1P:native-messaging/op-nm-installer/src/nix_utils.rs:48] Creating manifest directory for Chromium at /home/<redacted-username>/.config/BraveSoftware/Brave-Browser/NativeMessagingHosts
INFO  2025-06-16T22:53:02.243+00:00 [1P:native-messaging/op-nm-installer/src/nix_utils.rs:68] Created NMH manifest at /home/<redacted-username>/.config/BraveSoftware/Brave-Browser/NativeMessagingHosts/com.1password.1password.json
INFO  2025-06-16T22:53:02.243+00:00 [1P:native-messaging/op-nm-installer/src/nix_utils.rs:48] Creating manifest directory for Chromium at /home/<redacted-username>/.config/vivaldi/NativeMessagingHosts
INFO  2025-06-16T22:53:02.243+00:00 [1P:native-messaging/op-nm-installer/src/nix_utils.rs:68] Created NMH manifest at /home/<redacted-username>/.config/vivaldi/NativeMessagingHosts/com.1password.1password.json
INFO  2025-06-16T22:53:02.243+00:00 [1P:native-messaging/op-nm-installer/src/nix_utils.rs:48] Creating manifest directory for Chromium at /home/<redacted-username>/.config/vivaldi-snapshot/NativeMessagingHosts
INFO  2025-06-16T22:53:02.243+00:00 [1P:native-messaging/op-nm-installer/src/nix_utils.rs:68] Created NMH manifest at /home/<redacted-username>/.config/vivaldi-snapshot/NativeMessagingHosts/com.1password.1password.json
INFO  2025-06-16T22:53:02.243+00:00 [1P:native-messaging/op-nm-installer/src/nix_utils.rs:48] Creating manifest directory for Firefox at /home/<redacted-username>/.mozilla/native-messaging-hosts
INFO  2025-06-16T22:53:02.243+00:00 [1P:native-messaging/op-nm-installer/src/nix_utils.rs:68] Created NMH manifest at /home/<redacted-username>/.mozilla/native-messaging-hosts/com.1password.1password.json
INFO  2025-06-16T22:53:02.244+00:00 [1P:native-messaging/op-nm-installer/src/nix_utils.rs:83] Successfully installed all native messaging manifests.
INFO  2025-06-16T22:53:02.244+00:00 [1P:op-global-shortcuts/src/node.rs:38] Global shortcut registration is not available on this system.
INFO  2025-06-16T22:53:02.244+00:00 [1P:op-global-shortcuts/src/node.rs:38] Global shortcut registration is not available on this system.
INFO  2025-06-16T22:53:02.244+00:00 [1P:native-messaging/op-nm-installer/src/nix_utils.rs:68] Created NMH manifest at /home/<redacted-username>/.config/google-chrome/NativeMessagingHosts/com.1password.1password.json
INFO  2025-06-16T22:53:02.244+00:00 [1P:native-messaging/op-nm-installer/src/nix_utils.rs:68] Created NMH manifest at /home/<redacted-username>/.config/google-chrome-beta/NativeMessagingHosts/com.1password.1password.json
INFO  2025-06-16T22:53:02.244+00:00 [1P:native-messaging/op-nm-installer/src/nix_utils.rs:68] Created NMH manifest at /home/<redacted-username>/.config/google-chrome-unstable/NativeMessagingHosts/com.1password.1password.json
INFO  2025-06-16T22:53:02.244+00:00 [1P:native-messaging/op-native-core-integration/src/lib.rs:350] Starting IPC listener on 1Password-BrowserSupport
ERROR 2025-06-16T22:53:02.244+00:00 [1P:native-messaging/op-native-core-integration/src/lib.rs:548] Listener on SETTING_STATUS has been dropped, unable to communicate changes made to browser SLS setting
INFO  2025-06-16T22:53:02.244+00:00 [1P:native-messaging/op-nm-installer/src/nix_utils.rs:68] Created NMH manifest at /home/<redacted-username>/.config/chromium/NativeMessagingHosts/com.1password.1password.json
ERROR 2025-06-16T22:53:02.245+00:00 [1P:ffi/op-core-node/src/lib.rs:506] Io(Os { code: 2, kind: NotFound, message: "No such file or directory" })
INFO  2025-06-16T22:53:02.245+00:00 [1P:native-messaging/op-nm-installer/src/nix_utils.rs:68] Created NMH manifest at /home/<redacted-username>/.config/microsoft-edge-dev/NativeMessagingHosts/com.1password.1password.json
INFO  2025-06-16T22:53:02.245+00:00 [1P:native-messaging/op-native-core-integration/src/lib.rs:362] Active native core integration is awaiting messages
INFO  2025-06-16T22:53:02.245+00:00 [1P:native-messaging/op-nm-installer/src/nix_utils.rs:68] Created NMH manifest at /home/<redacted-username>/.config/BraveSoftware/Brave-Browser/NativeMessagingHosts/com.1password.1password.json
INFO  2025-06-16T22:53:02.245+00:00 [1P:native-messaging/op-nm-installer/src/nix_utils.rs:68] Created NMH manifest at /home/<redacted-username>/.config/vivaldi/NativeMessagingHosts/com.1password.1password.json
INFO  2025-06-16T22:53:02.245+00:00 [1P:native-messaging/op-nm-installer/src/nix_utils.rs:68] Created NMH manifest at /home/<redacted-username>/.config/vivaldi-snapshot/NativeMessagingHosts/com.1password.1password.json
INFO  2025-06-16T22:53:02.245+00:00 [1P:native-messaging/op-nm-installer/src/nix_utils.rs:68] Created NMH manifest at /home/<redacted-username>/.mozilla/native-messaging-hosts/com.1password.1password.json
INFO  2025-06-16T22:53:02.245+00:00 [1P:native-messaging/op-nm-installer/src/nix_utils.rs:83] Successfully installed all native messaging manifests.
INFO  2025-06-16T22:53:02.245+00:00 [1P:ssh/op-agent-controller/src/lib.rs:571] Starting filesystem watcher for SSH agent configuration directories...
ERROR 2025-06-16T22:53:02.246+00:00 [1P:/builds/dev/core/core/ssh/op-agent-controller/src/lib.rs:572] Io(Os { code: 2, kind: NotFound, message: "No such file or directory" })
ERROR 2025-06-16T22:53:02.287+00:00 [client:typescript] Could not load window state.
ERROR 2025-06-16T22:53:02.579+00:00 [1P:app/op-app/src/app/components/route_persister.rs:31] Could not get key from unlocked account!
INFO  2025-06-16T22:53:54.629+00:00 [1P:app/op-app/src/app/backend/frontend.rs:29] Front end event: window closed
