ERROR 2025-06-17T22:17:24.592+00:00 [1P:foundation/op-log/src/lib.rs:670] tracing WAS NOT installed
ERROR 2025-06-17T22:17:24.602+00:00 [1P:op-settings/src/store/json_store.rs:80] Os { code: 2, kind: NotFound, message: "No such file or directory" }
INFO  2025-06-17T22:17:24.602+00:00 [1P:op-settings/src/store/json_store.rs:104] Settings file "/home/<redacted-username>/.config/1Password/settings/settings.json" missing, using defaults.
INFO  2025-06-17T22:17:24.613+00:00 [client:typescript] Client starting.
INFO  2025-06-17T22:17:25.528+00:00 [1P:op-crash-reporting/src/crash_handler.rs:276] Started crash handler thread
INFO  2025-06-17T22:17:25.532+00:00 [1P:op-localization/src/lib.rs:239] system locale detected as 'en-US'
INFO  2025-06-17T22:17:25.533+00:00 [1P:op-localization/src/lib.rs:265] selected translations for EN_US based on detected locale en-US
INFO  2025-06-17T22:17:25.533+00:00 [status:app/op-app/src/app.rs:949] App::new(1Password for Linux/81080023 (EN_US), /home/<redacted-username>/.config/1Password)
INFO  2025-06-17T22:17:25.554+00:00 [1P:data/op-db/src/common/mod.rs:148] Core DB Table Integrity Check Succeeded
INFO  2025-06-17T22:17:25.554+00:00 [1P:data/op-db/src/common/mod.rs:162] Core DB Integrity Check Succeeded
INFO  2025-06-17T22:17:25.554+00:00 [1P:data/op-db/src/core_db/db.rs:145] Starting Core DB at version: 41
INFO  2025-06-17T22:17:25.555+00:00 [1P:data/op-db/src/common/mod.rs:148] Resources DB Table Integrity Check Succeeded
INFO  2025-06-17T22:17:25.556+00:00 [1P:data/op-db/src/common/mod.rs:162] Resources DB Integrity Check Succeeded
INFO  2025-06-17T22:17:25.556+00:00 [1P:data/op-db/src/resources_db/db.rs:107] Starting Resources DB at version: 1
ERROR 2025-06-17T22:17:25.567+00:00 [1P:/builds/dev/core/core/ssh/op-ssh-config/src/lib.rs:251] Failed to start ssh config file watcher: Io(Os { code: 2, kind: NotFound, message: "No such file or directory" })
INFO  2025-06-17T22:17:25.579+00:00 [1P:native-messaging/op-nm-installer/src/nix_utils.rs:68] Created NMH manifest at /home/<redacted-username>/.config/google-chrome/NativeMessagingHosts/com.1password.1password.json
INFO  2025-06-17T22:17:25.579+00:00 [1P:native-messaging/op-nm-installer/src/nix_utils.rs:68] Created NMH manifest at /home/<redacted-username>/.config/google-chrome-beta/NativeMessagingHosts/com.1password.1password.json
INFO  2025-06-17T22:17:25.579+00:00 [1P:native-messaging/op-nm-installer/src/nix_utils.rs:68] Created NMH manifest at /home/<redacted-username>/.config/google-chrome-unstable/NativeMessagingHosts/com.1password.1password.json
INFO  2025-06-17T22:17:25.580+00:00 [1P:native-messaging/op-nm-installer/src/nix_utils.rs:68] Created NMH manifest at /home/<redacted-username>/.config/chromium/NativeMessagingHosts/com.1password.1password.json
INFO  2025-06-17T22:17:25.580+00:00 [1P:native-messaging/op-nm-installer/src/nix_utils.rs:68] Created NMH manifest at /home/<redacted-username>/.config/microsoft-edge-dev/NativeMessagingHosts/com.1password.1password.json
INFO  2025-06-17T22:17:25.581+00:00 [1P:native-messaging/op-nm-installer/src/nix_utils.rs:68] Created NMH manifest at /home/<redacted-username>/.config/BraveSoftware/Brave-Browser/NativeMessagingHosts/com.1password.1password.json
INFO  2025-06-17T22:17:25.581+00:00 [1P:native-messaging/op-nm-installer/src/nix_utils.rs:68] Created NMH manifest at /home/<redacted-username>/.config/vivaldi/NativeMessagingHosts/com.1password.1password.json
INFO  2025-06-17T22:17:25.582+00:00 [1P:native-messaging/op-nm-installer/src/nix_utils.rs:68] Created NMH manifest at /home/<redacted-username>/.config/vivaldi-snapshot/NativeMessagingHosts/com.1password.1password.json
INFO  2025-06-17T22:17:25.582+00:00 [1P:native-messaging/op-nm-installer/src/nix_utils.rs:68] Created NMH manifest at /home/<redacted-username>/.mozilla/native-messaging-hosts/com.1password.1password.json
INFO  2025-06-17T22:17:25.582+00:00 [1P:native-messaging/op-nm-installer/src/nix_utils.rs:83] Successfully installed all native messaging manifests.
INFO  2025-06-17T22:17:25.585+00:00 [1P:native-messaging/op-nm-installer/src/nix_utils.rs:68] Created NMH manifest at /home/<redacted-username>/.config/google-chrome/NativeMessagingHosts/com.1password.1password.json
INFO  2025-06-17T22:17:25.585+00:00 [1P:native-messaging/op-nm-installer/src/nix_utils.rs:68] Created NMH manifest at /home/<redacted-username>/.config/google-chrome-beta/NativeMessagingHosts/com.1password.1password.json
INFO  2025-06-17T22:17:25.585+00:00 [1P:native-messaging/op-nm-installer/src/nix_utils.rs:68] Created NMH manifest at /home/<redacted-username>/.config/google-chrome-unstable/NativeMessagingHosts/com.1password.1password.json
INFO  2025-06-17T22:17:25.585+00:00 [1P:native-messaging/op-nm-installer/src/nix_utils.rs:68] Created NMH manifest at /home/<redacted-username>/.config/chromium/NativeMessagingHosts/com.1password.1password.json
INFO  2025-06-17T22:17:25.585+00:00 [1P:native-messaging/op-nm-installer/src/nix_utils.rs:68] Created NMH manifest at /home/<redacted-username>/.config/microsoft-edge-dev/NativeMessagingHosts/com.1password.1password.json
INFO  2025-06-17T22:17:25.585+00:00 [1P:native-messaging/op-nm-installer/src/nix_utils.rs:68] Created NMH manifest at /home/<redacted-username>/.config/BraveSoftware/Brave-Browser/NativeMessagingHosts/com.1password.1password.json
INFO  2025-06-17T22:17:25.586+00:00 [1P:native-messaging/op-nm-installer/src/nix_utils.rs:68] Created NMH manifest at /home/<redacted-username>/.config/vivaldi/NativeMessagingHosts/com.1password.1password.json
INFO  2025-06-17T22:17:25.586+00:00 [1P:native-messaging/op-nm-installer/src/nix_utils.rs:68] Created NMH manifest at /home/<redacted-username>/.config/vivaldi-snapshot/NativeMessagingHosts/com.1password.1password.json
INFO  2025-06-17T22:17:25.586+00:00 [1P:native-messaging/op-nm-installer/src/nix_utils.rs:68] Created NMH manifest at /home/<redacted-username>/.mozilla/native-messaging-hosts/com.1password.1password.json
INFO  2025-06-17T22:17:25.586+00:00 [1P:native-messaging/op-nm-installer/src/nix_utils.rs:83] Successfully installed all native messaging manifests.
INFO  2025-06-17T22:17:25.587+00:00 [1P:op-global-shortcuts/src/node.rs:38] Global shortcut registration is not available on this system.
INFO  2025-06-17T22:17:25.587+00:00 [1P:op-global-shortcuts/src/node.rs:38] Global shortcut registration is not available on this system.
ERROR 2025-06-17T22:17:25.599+00:00 [1P:native-messaging/op-native-core-integration/src/lib.rs:548] Listener on SETTING_STATUS has been dropped, unable to communicate changes made to browser SLS setting
INFO  2025-06-17T22:17:25.600+00:00 [1P:native-messaging/op-native-core-integration/src/lib.rs:350] Starting IPC listener on 1Password-BrowserSupport
INFO  2025-06-17T22:17:25.600+00:00 [1P:native-messaging/op-native-core-integration/src/lib.rs:362] Active native core integration is awaiting messages
ERROR 2025-06-17T22:17:25.600+00:00 [1P:ffi/op-core-node/src/lib.rs:506] Io(Os { code: 2, kind: NotFound, message: "No such file or directory" })
INFO  2025-06-17T22:17:25.620+00:00 [1P:ssh/op-agent-controller/src/lib.rs:571] Starting filesystem watcher for SSH agent configuration directories...
ERROR 2025-06-17T22:17:25.622+00:00 [1P:/builds/dev/core/core/ssh/op-agent-controller/src/lib.rs:572] Io(Os { code: 2, kind: NotFound, message: "No such file or directory" })
ERROR 2025-06-17T22:17:26.296+00:00 [1P:app/op-app/src/app/components/route_persister.rs:31] Could not get key from unlocked account!
INFO  2025-06-17T22:17:28.177+00:00 [1P:app/op-app/src/app/backend/mycelium/unauthorized_device_start.rs:93] MYCELIUM UNAUTHORIZED DEVICE FORWARD FLOW SIGN-IN -- starting new sign-in session
INFO  2025-06-17T22:17:28.178+00:00 [1P:foundation/op-feature-gate/src/feature_store.rs:916] MYCELIUM PRE-REGISTRATION FLAGS: Reading forward flag value as true
INFO  2025-06-17T22:17:28.178+00:00 [1P:app/op-app/src/app/backend/task_handle.rs:48] Starting mycelium-active-sign-in task
INFO  2025-06-17T22:17:28.178+00:00 [1P:app/op-app/src/app/backend/mycelium/unauthorized_device_start.rs:275] MYCELIUM UNAUTHORIZED DEVICE FORWARD FLOW SIGN-IN -- starting channel create loop
INFO  2025-06-17T22:17:28.632+00:00 [1P:app/op-app/src/app/backend/mycelium/unauthorized_device_start.rs:292] MYCELIUM UNAUTHORIZED DEVICE FORWARD FLOW SIGN-IN -- created Mycelium channel on region code Com
WARN  2025-06-17T22:17:48.164+00:00 [1P:op-mycelium-auth/src/state_machine/forward.rs:197] failed to wait for channel reply: ChannelMoved { region: 2, port_or_subdomain_number: None }
INFO  2025-06-17T22:17:48.164+00:00 [1P:op-mycelium-auth/src/state_machine/forward.rs:199] closing Mycelium channel
INFO  2025-06-17T22:17:48.285+00:00 [1P:app/op-app/src/app/backend/mycelium/unauthorized_device_start.rs:390] MYCELIUM UNAUTHORIZED DEVICE FORWARD FLOW SIGN-IN -- authorized device has requested a change to region code: 2
INFO  2025-06-17T22:17:48.285+00:00 [1P:app/op-app/src/app/backend/mycelium/unauthorized_device_start.rs:275] MYCELIUM UNAUTHORIZED DEVICE FORWARD FLOW SIGN-IN -- starting channel create loop
INFO  2025-06-17T22:17:48.461+00:00 [1P:app/op-app/src/app/backend/mycelium/unauthorized_device_start.rs:292] MYCELIUM UNAUTHORIZED DEVICE FORWARD FLOW SIGN-IN -- created Mycelium channel on region code Eu
INFO  2025-06-17T22:18:17.780+00:00 [1P:app/op-app/src/app/backend/mycelium/unauthorized_device_start.rs:337] MYCELIUM UNAUTHORIZED DEVICE FORWARD FLOW SIGN-IN -- BS3NNHBBVEQM2CSUMOKOKSYWT4 channel connected
INFO  2025-06-17T22:18:21.981+00:00 [1P:app/op-app/src/app/backend/mycelium/unauthorized_device_start.rs:232] MYCELIUM UNAUTHORIZED DEVICE FORWARD FLOW SIGN-IN -- allow device prompt accepted and credentials successfully received
INFO  2025-06-17T22:18:21.984+00:00 [1P:native-messaging/op-nm-settings/src/lib.rs:190] Account len modified 0 vs 1
INFO  2025-06-17T22:18:21.984+00:00 [1P:native-messaging/op-native-core-integration/src/lib.rs:376] Setting has been toggled on/off, restarting native core integration
INFO  2025-06-17T22:18:21.984+00:00 [1P:native-messaging/op-native-core-integration/src/lib.rs:307] Mute native core integration is waiting for Shared Lock State to be enabled
INFO  2025-06-17T22:18:21.984+00:00 [1P:native-messaging/op-nm-settings/src/lib.rs:147] Initial account added, defining default SLS state
INFO  2025-06-17T22:18:21.984+00:00 [1P:native-messaging/op-nm-installer/src/nix_utils.rs:100] Removed NMH manifest at /home/<redacted-username>/.config/google-chrome/NativeMessagingHosts/com.1password.1password.json
INFO  2025-06-17T22:18:21.984+00:00 [1P:native-messaging/op-nm-installer/src/nix_utils.rs:100] Removed NMH manifest at /home/<redacted-username>/.config/google-chrome-beta/NativeMessagingHosts/com.1password.1password.json
INFO  2025-06-17T22:18:21.984+00:00 [1P:native-messaging/op-nm-installer/src/nix_utils.rs:100] Removed NMH manifest at /home/<redacted-username>/.config/google-chrome-unstable/NativeMessagingHosts/com.1password.1password.json
INFO  2025-06-17T22:18:21.985+00:00 [1P:native-messaging/op-nm-installer/src/nix_utils.rs:100] Removed NMH manifest at /home/<redacted-username>/.config/chromium/NativeMessagingHosts/com.1password.1password.json
INFO  2025-06-17T22:18:21.985+00:00 [1P:native-messaging/op-nm-installer/src/nix_utils.rs:100] Removed NMH manifest at /home/<redacted-username>/.config/microsoft-edge-dev/NativeMessagingHosts/com.1password.1password.json
INFO  2025-06-17T22:18:21.985+00:00 [1P:native-messaging/op-nm-installer/src/nix_utils.rs:100] Removed NMH manifest at /home/<redacted-username>/.config/BraveSoftware/Brave-Browser/NativeMessagingHosts/com.1password.1password.json
INFO  2025-06-17T22:18:21.985+00:00 [1P:native-messaging/op-nm-installer/src/nix_utils.rs:100] Removed NMH manifest at /home/<redacted-username>/.config/vivaldi/NativeMessagingHosts/com.1password.1password.json
INFO  2025-06-17T22:18:21.985+00:00 [1P:native-messaging/op-nm-installer/src/nix_utils.rs:100] Removed NMH manifest at /home/<redacted-username>/.config/vivaldi-snapshot/NativeMessagingHosts/com.1password.1password.json
INFO  2025-06-17T22:18:21.985+00:00 [1P:native-messaging/op-nm-installer/src/nix_utils.rs:100] Removed NMH manifest at /home/<redacted-username>/.mozilla/native-messaging-hosts/com.1password.1password.json
INFO  2025-06-17T22:18:21.985+00:00 [1P:native-messaging/op-nm-installer/src/nix_utils.rs:120] Removed 9 Native Messaging Host manifests
INFO  2025-06-17T22:18:22.228+00:00 [1P:data/op-add-account/src/first_sync.rs:551] starting initial account sync
INFO  2025-06-17T22:18:22.718+00:00 [1P:data/op-syncer/src/sync_job.rs:453] synced account ZBXAG6IMPJH3FCGY4F2QOBWEYI (0.403814065s)
INFO  2025-06-17T22:18:22.730+00:00 [1P:/builds/dev/core/core/data/ext/op-account-ext-settings-authentication/src/lib.rs:243] loaded settings authentication key: none
INFO  2025-06-17T22:18:22.732+00:00 [1P:data/ext/op-account-ext-items/src/lib.rs:271] loaded 0 items in 3 vaults for account: ZBXAG6IMPJH3FCGY4F2QOBWEYI
INFO  2025-06-17T22:18:22.733+00:00 [1P:service/op-service-sync/src/lib.rs:159] starting refresher task during initial account sign-in
INFO  2025-06-17T22:18:22.733+00:00 [1P:app/op-app/src/app/backend/mycelium/shared.rs:533] Mycelium Sign-in succeeded
INFO  2025-06-17T22:18:22.733+00:00 [1P:app/op-app/src/app/backend/task_handle.rs:39] Finished mycelium-active-sign-in task
ERROR 2025-06-17T22:18:22.733+00:00 [1P:/builds/dev/core/core/app/op-app/src/app/components/policies.rs:53] Failed to get PolicyAuthenticationKey from any account
INFO  2025-06-17T22:18:22.733+00:00 [1P:op-telemetry/src/middleware/opt_state.rs:114] op-telemetry: account uuid 'ZBXAG6IMPJH3FCGY4F2QOBWEYI' changed telemetry state to Decided(In)
ERROR 2025-06-17T22:18:22.736+00:00 [1P:op-auto-lock/src/linux.rs:210] Could not connect to the X server: XcbEventError
INFO  2025-06-17T22:18:22.736+00:00 [1P:data/ext/op-account-ext-settings-authentication/src/lib.rs:365] No and/or corrupt account setting authentication key, generating a new one.
INFO  2025-06-17T22:18:22.736+00:00 [1P:data/ext/op-account-ext-settings-authentication/src/lib.rs:389] applying setting authentication key (b0f5123193f4ab52) to account (ZBXAG6IMPJH3FCGY4F2QOBWEYI).
INFO  2025-06-17T22:18:22.736+00:00 [1P:op-settings/src/store/json_store.rs:727] initializing settings authentication with key b0f5123193f4ab52
INFO  2025-06-17T22:18:22.737+00:00 [1P:app/op-app/src/app/backend/unlock.rs:180] Lock state changed: Unlocked
INFO  2025-06-17T22:18:22.737+00:00 [1P:app/op-app/src/app/backend/essential_setup.rs:135] SLS Migration Result: Performed
ERROR 2025-06-17T22:18:22.737+00:00 [1P:op-settings/src/store/json_store.rs:80] Os { code: 2, kind: NotFound, message: "No such file or directory" }
INFO  2025-06-17T22:18:22.737+00:00 [1P:op-settings/src/store/json_store.rs:104] Settings file "/home/<redacted-username>/.config/1Password/settings/settings.json" missing, using defaults.
INFO  2025-06-17T22:18:22.738+00:00 [1P:native-messaging/op-nm-installer/src/nix_utils.rs:68] Created NMH manifest at /home/<redacted-username>/.config/google-chrome/NativeMessagingHosts/com.1password.1password.json
INFO  2025-06-17T22:18:22.738+00:00 [1P:native-messaging/op-nm-installer/src/nix_utils.rs:68] Created NMH manifest at /home/<redacted-username>/.config/google-chrome-beta/NativeMessagingHosts/com.1password.1password.json
INFO  2025-06-17T22:18:22.738+00:00 [1P:native-messaging/op-nm-installer/src/nix_utils.rs:68] Created NMH manifest at /home/<redacted-username>/.config/google-chrome-unstable/NativeMessagingHosts/com.1password.1password.json
INFO  2025-06-17T22:18:22.738+00:00 [1P:native-messaging/op-nm-installer/src/nix_utils.rs:68] Created NMH manifest at /home/<redacted-username>/.config/chromium/NativeMessagingHosts/com.1password.1password.json
INFO  2025-06-17T22:18:22.738+00:00 [1P:native-messaging/op-nm-installer/src/nix_utils.rs:68] Created NMH manifest at /home/<redacted-username>/.config/microsoft-edge-dev/NativeMessagingHosts/com.1password.1password.json
INFO  2025-06-17T22:18:22.738+00:00 [1P:native-messaging/op-nm-installer/src/nix_utils.rs:68] Created NMH manifest at /home/<redacted-username>/.config/BraveSoftware/Brave-Browser/NativeMessagingHosts/com.1password.1password.json
INFO  2025-06-17T22:18:22.738+00:00 [1P:native-messaging/op-nm-installer/src/nix_utils.rs:68] Created NMH manifest at /home/<redacted-username>/.config/vivaldi/NativeMessagingHosts/com.1password.1password.json
INFO  2025-06-17T22:18:22.738+00:00 [1P:native-messaging/op-nm-installer/src/nix_utils.rs:68] Created NMH manifest at /home/<redacted-username>/.config/vivaldi-snapshot/NativeMessagingHosts/com.1password.1password.json
INFO  2025-06-17T22:18:22.738+00:00 [1P:op-settings/src/store/json_store.rs:73] Settings file created @ 2025-06-17 22:18:22.737664149 UTC and last modified @ 2025-06-17 22:18:22.737664149 UTC
INFO  2025-06-17T22:18:22.738+00:00 [1P:native-messaging/op-native-core-integration/src/lib.rs:313] Setting has been toggled on/off, restarting native core integration
INFO  2025-06-17T22:18:22.739+00:00 [1P:native-messaging/op-native-core-integration/src/lib.rs:350] Starting IPC listener on 1Password-BrowserSupport
INFO  2025-06-17T22:18:22.739+00:00 [1P:native-messaging/op-nm-installer/src/nix_utils.rs:68] Created NMH manifest at /home/<redacted-username>/.mozilla/native-messaging-hosts/com.1password.1password.json
INFO  2025-06-17T22:18:22.739+00:00 [1P:native-messaging/op-nm-installer/src/nix_utils.rs:83] Successfully installed all native messaging manifests.
INFO  2025-06-17T22:18:22.739+00:00 [1P:op-settings/src/store/json_store.rs:73] Settings file created @ 2025-06-17 22:18:22.737664149 UTC and last modified @ 2025-06-17 22:18:22.738664089 UTC
INFO  2025-06-17T22:18:22.739+00:00 [1P:native-messaging/op-nm-installer/src/nix_utils.rs:68] Created NMH manifest at /home/<redacted-username>/.config/google-chrome/NativeMessagingHosts/com.1password.1password.json
INFO  2025-06-17T22:18:22.739+00:00 [1P:native-messaging/op-nm-installer/src/nix_utils.rs:68] Created NMH manifest at /home/<redacted-username>/.config/google-chrome-beta/NativeMessagingHosts/com.1password.1password.json
INFO  2025-06-17T22:18:22.739+00:00 [1P:native-messaging/op-nm-installer/src/nix_utils.rs:68] Created NMH manifest at /home/<redacted-username>/.config/google-chrome-unstable/NativeMessagingHosts/com.1password.1password.json
INFO  2025-06-17T22:18:22.739+00:00 [1P:native-messaging/op-native-core-integration/src/lib.rs:362] Active native core integration is awaiting messages
INFO  2025-06-17T22:18:22.739+00:00 [1P:native-messaging/op-native-core-integration/src/lib.rs:376] Setting has been toggled on/off, restarting native core integration
INFO  2025-06-17T22:18:22.739+00:00 [1P:native-messaging/op-nm-installer/src/nix_utils.rs:68] Created NMH manifest at /home/<redacted-username>/.config/chromium/NativeMessagingHosts/com.1password.1password.json
INFO  2025-06-17T22:18:22.739+00:00 [1P:native-messaging/op-native-core-integration/src/lib.rs:350] Starting IPC listener on 1Password-BrowserSupport
INFO  2025-06-17T22:18:22.739+00:00 [1P:native-messaging/op-nm-installer/src/nix_utils.rs:68] Created NMH manifest at /home/<redacted-username>/.config/microsoft-edge-dev/NativeMessagingHosts/com.1password.1password.json
INFO  2025-06-17T22:18:22.739+00:00 [1P:op-settings/src/store/json_store.rs:73] Settings file created @ 2025-06-17 22:18:22.737664149 UTC and last modified @ 2025-06-17 22:18:22.738664089 UTC
INFO  2025-06-17T22:18:22.739+00:00 [1P:native-messaging/op-nm-installer/src/nix_utils.rs:68] Created NMH manifest at /home/<redacted-username>/.config/BraveSoftware/Brave-Browser/NativeMessagingHosts/com.1password.1password.json
INFO  2025-06-17T22:18:22.739+00:00 [1P:native-messaging/op-native-core-integration/src/lib.rs:362] Active native core integration is awaiting messages
INFO  2025-06-17T22:18:22.739+00:00 [1P:native-messaging/op-nm-installer/src/nix_utils.rs:68] Created NMH manifest at /home/<redacted-username>/.config/vivaldi/NativeMessagingHosts/com.1password.1password.json
INFO  2025-06-17T22:18:22.740+00:00 [1P:native-messaging/op-nm-installer/src/nix_utils.rs:68] Created NMH manifest at /home/<redacted-username>/.config/vivaldi-snapshot/NativeMessagingHosts/com.1password.1password.json
INFO  2025-06-17T22:18:22.740+00:00 [1P:native-messaging/op-nm-installer/src/nix_utils.rs:68] Created NMH manifest at /home/<redacted-username>/.mozilla/native-messaging-hosts/com.1password.1password.json
INFO  2025-06-17T22:18:22.740+00:00 [1P:native-messaging/op-nm-installer/src/nix_utils.rs:83] Successfully installed all native messaging manifests.
INFO  2025-06-17T22:18:22.740+00:00 [1P:native-messaging/op-nm-installer/src/nix_utils.rs:68] Created NMH manifest at /home/<redacted-username>/.config/google-chrome/NativeMessagingHosts/com.1password.1password.json
INFO  2025-06-17T22:18:22.740+00:00 [1P:native-messaging/op-nm-installer/src/nix_utils.rs:68] Created NMH manifest at /home/<redacted-username>/.config/google-chrome-beta/NativeMessagingHosts/com.1password.1password.json
INFO  2025-06-17T22:18:22.740+00:00 [1P:native-messaging/op-nm-installer/src/nix_utils.rs:68] Created NMH manifest at /home/<redacted-username>/.config/google-chrome-unstable/NativeMessagingHosts/com.1password.1password.json
INFO  2025-06-17T22:18:22.740+00:00 [1P:native-messaging/op-nm-installer/src/nix_utils.rs:68] Created NMH manifest at /home/<redacted-username>/.config/chromium/NativeMessagingHosts/com.1password.1password.json
INFO  2025-06-17T22:18:22.741+00:00 [1P:native-messaging/op-nm-installer/src/nix_utils.rs:68] Created NMH manifest at /home/<redacted-username>/.config/microsoft-edge-dev/NativeMessagingHosts/com.1password.1password.json
INFO  2025-06-17T22:18:22.741+00:00 [1P:native-messaging/op-nm-installer/src/nix_utils.rs:68] Created NMH manifest at /home/<redacted-username>/.config/BraveSoftware/Brave-Browser/NativeMessagingHosts/com.1password.1password.json
INFO  2025-06-17T22:18:22.741+00:00 [1P:native-messaging/op-nm-installer/src/nix_utils.rs:68] Created NMH manifest at /home/<redacted-username>/.config/vivaldi/NativeMessagingHosts/com.1password.1password.json
INFO  2025-06-17T22:18:22.741+00:00 [1P:native-messaging/op-nm-installer/src/nix_utils.rs:68] Created NMH manifest at /home/<redacted-username>/.config/vivaldi-snapshot/NativeMessagingHosts/com.1password.1password.json
INFO  2025-06-17T22:18:22.741+00:00 [1P:native-messaging/op-nm-installer/src/nix_utils.rs:68] Created NMH manifest at /home/<redacted-username>/.mozilla/native-messaging-hosts/com.1password.1password.json
INFO  2025-06-17T22:18:22.741+00:00 [1P:native-messaging/op-nm-installer/src/nix_utils.rs:83] Successfully installed all native messaging manifests.
INFO  2025-06-17T22:18:22.742+00:00 [1P:native-messaging/op-nm-installer/src/nix_utils.rs:68] Created NMH manifest at /home/<redacted-username>/.config/google-chrome/NativeMessagingHosts/com.1password.1password.json
INFO  2025-06-17T22:18:22.742+00:00 [1P:native-messaging/op-nm-installer/src/nix_utils.rs:68] Created NMH manifest at /home/<redacted-username>/.config/google-chrome-beta/NativeMessagingHosts/com.1password.1password.json
INFO  2025-06-17T22:18:22.742+00:00 [1P:native-messaging/op-nm-installer/src/nix_utils.rs:68] Created NMH manifest at /home/<redacted-username>/.config/google-chrome-unstable/NativeMessagingHosts/com.1password.1password.json
INFO  2025-06-17T22:18:22.742+00:00 [1P:native-messaging/op-nm-installer/src/nix_utils.rs:68] Created NMH manifest at /home/<redacted-username>/.config/chromium/NativeMessagingHosts/com.1password.1password.json
INFO  2025-06-17T22:18:22.742+00:00 [1P:native-messaging/op-nm-installer/src/nix_utils.rs:68] Created NMH manifest at /home/<redacted-username>/.config/microsoft-edge-dev/NativeMessagingHosts/com.1password.1password.json
INFO  2025-06-17T22:18:22.742+00:00 [1P:native-messaging/op-nm-installer/src/nix_utils.rs:68] Created NMH manifest at /home/<redacted-username>/.config/BraveSoftware/Brave-Browser/NativeMessagingHosts/com.1password.1password.json
INFO  2025-06-17T22:18:22.742+00:00 [1P:native-messaging/op-nm-installer/src/nix_utils.rs:68] Created NMH manifest at /home/<redacted-username>/.config/vivaldi/NativeMessagingHosts/com.1password.1password.json
INFO  2025-06-17T22:18:22.742+00:00 [1P:native-messaging/op-nm-installer/src/nix_utils.rs:68] Created NMH manifest at /home/<redacted-username>/.config/vivaldi-snapshot/NativeMessagingHosts/com.1password.1password.json
INFO  2025-06-17T22:18:22.743+00:00 [1P:native-messaging/op-nm-installer/src/nix_utils.rs:68] Created NMH manifest at /home/<redacted-username>/.mozilla/native-messaging-hosts/com.1password.1password.json
INFO  2025-06-17T22:18:22.743+00:00 [1P:native-messaging/op-nm-installer/src/nix_utils.rs:83] Successfully installed all native messaging manifests.
INFO  2025-06-17T22:18:22.750+00:00 [client:typescript] Settings file changed.
INFO  2025-06-17T22:18:22.752+00:00 [client:typescript] Settings file changed.
INFO  2025-06-17T22:18:22.897+00:00 [1P:data/ext/op-account-ext-syncer/src/lib.rs:249] The B5 Notifier for (ZBXAG6IMPJH3FCGY4F2QOBWEYI) has connected, now monitoring for events.
INFO  2025-06-17T22:18:23.067+00:00 [1P:app/op-app/src/app/backend/quick_access.rs:186] Getting suggestions for quick access
INFO  2025-06-17T22:18:23.087+00:00 [1P:app/op-app/src/app/backend/quick_access.rs:186] Getting suggestions for quick access
INFO  2025-06-17T22:18:23.320+00:00 [1P:app/op-app/src/app/backend/unlock.rs:209] Processing unlocked account ZBXAG6IMPJH3FCGY4F2QOBWEYI
ERROR 2025-06-17T22:18:23.641+00:00 [1P:data/op-syncer/src/system_vault.rs:37] Error creating system vault for account (ZBXAG6IMPJH3FCGY4F2QOBWEYI): FetchDataError(FetchError(<unknown reason>, code: HttpStatus(400), Session ID: Some(Session ID: YME7P7FBSNC4JN7OPDOU55JWBQ)))
INFO  2025-06-17T22:18:23.642+00:00 [1P:data/op-syncer/src/sync_job.rs:453] synced account ZBXAG6IMPJH3FCGY4F2QOBWEYI (0.834894783s)
INFO  2025-06-17T22:18:23.642+00:00 [1P:service/op-service-sync/src/lib.rs:169] shutting down refresher task
INFO  2025-06-17T22:18:23.642+00:00 [1P:data/op-file-transfer/src/lib.rs:663] find_and_complete_pending_uploads: 'ZBXAG6IMPJH3FCGY4F2QOBWEYI'
ERROR 2025-06-17T22:18:23.642+00:00 [1P:/builds/dev/core/core/data/op-file-transfer/src/legacy.rs:43] failed to read files dir: Os { code: 2, kind: NotFound, message: "No such file or directory" }
INFO  2025-06-17T22:18:23.652+00:00 [1P:app/op-app/src/app/backend/quick_access.rs:186] Getting suggestions for quick access
ERROR 2025-06-17T22:18:23.800+00:00 [1P:data/op-syncer/src/system_vault.rs:37] Error creating system vault for account (ZBXAG6IMPJH3FCGY4F2QOBWEYI): FetchDataError(FetchError(<unknown reason>, code: HttpStatus(400), Session ID: Some(Session ID: YME7P7FBSNC4JN7OPDOU55JWBQ)))
INFO  2025-06-17T22:18:23.801+00:00 [1P:data/op-syncer/src/sync_job.rs:453] synced account ZBXAG6IMPJH3FCGY4F2QOBWEYI (0.062935984s)
INFO  2025-06-17T22:18:23.822+00:00 [1P:app/op-app/src/app/backend/quick_access.rs:186] Getting suggestions for quick access
INFO  2025-06-17T22:18:23.846+00:00 [1P:app/op-app/src/app/backend/unlock.rs:321] Auto-lock duration recieved one-time update
INFO  2025-06-17T22:18:23.846+00:00 [1P:op-settings/src/store/json_store.rs:73] Settings file created @ 2025-06-17 22:18:22.737664149 UTC and last modified @ 2025-06-17 22:18:22.738664089 UTC
INFO  2025-06-17T22:18:23.846+00:00 [1P:op-settings/src/store/json_store.rs:73] Settings file created @ 2025-06-17 22:18:22.737664149 UTC and last modified @ 2025-06-17 22:18:23.845598205 UTC
INFO  2025-06-17T22:18:23.851+00:00 [1P:app/op-app/src/app/backend/quick_access.rs:186] Getting suggestions for quick access
ERROR 2025-06-17T22:18:23.864+00:00 [1P:ffi/op-core-node/src/lib.rs:623] Item list call aborted by a new call
INFO  2025-06-17T22:18:31.230+00:00 [1P:op-settings/src/store/json_store.rs:73] Settings file created @ 2025-06-17 22:18:22.737664149 UTC and last modified @ 2025-06-17 22:18:23.845598205 UTC
INFO  2025-06-17T22:18:31.231+00:00 [1P:op-settings/src/store/json_store.rs:73] Settings file created @ 2025-06-17 22:18:22.737664149 UTC and last modified @ 2025-06-17 22:18:31.230166332 UTC
INFO  2025-06-17T22:18:31.232+00:00 [client:typescript] Settings file changed.
INFO  2025-06-17T22:18:32.751+00:00 [1P:data/op-account-system-unlock/src/lib.rs:806] Adding system unlock key. Verifying keysets can be decrypted.
INFO  2025-06-17T22:18:32.754+00:00 [1P:data/op-account-system-unlock/src/lib.rs:812] Adding system unlock key. Encrypting muk.
INFO  2025-06-17T22:18:32.756+00:00 [1P:data/op-account-system-unlock/src/lib.rs:818] Adding system unlock key. Updating account.
INFO  2025-06-17T22:23:47.610+00:00 [1P:app/op-app/src/app/backend/frontend.rs:29] Front end event: window closed
